<?xml version="1.0" encoding="UTF-8"?>
<testsuite name="com.chenjinxiang.doodleboard.model.HistoryManagerTest" tests="8" skipped="0" failures="0" errors="0" timestamp="2026-05-31T03:35:54" hostname="CJXHS" time="2.315">
  <properties/>
  <testcase name="testAddStroke_clearsRedoStack" classname="com.chenjinxiang.doodleboard.model.HistoryManagerTest" time="2.209"/>
  <testcase name="testClear_clearsAll" classname="com.chenjinxiang.doodleboard.model.HistoryManagerTest" time="0.016"/>
  <testcase name="testMaxUndo_limit" classname="com.chenjinxiang.doodleboard.model.HistoryManagerTest" time="0.017"/>
  <testcase name="testAddStroke_canUndo" classname="com.chenjinxiang.doodleboard.model.HistoryManagerTest" time="0.012"/>
  <testcase name="testAddStroke_increasesStrokesList" classname="com.chenjinxiang.doodleboard.model.HistoryManagerTest" time="0.015"/>
  <testcase name="testMultipleUndoRedo" classname="com.chenjinxiang.doodleboard.model.HistoryManagerTest" time="0.022"/>
  <testcase name="testUndo_removesStroke" classname="com.chenjinxiang.doodleboard.model.HistoryManagerTest" time="0.012"/>
  <testcase name="testRedo_restoresStroke" classname="com.chenjinxiang.doodleboard.model.HistoryManagerTest" time="0.011"/>
  <system-out><![CDATA[WARNING: No manifest file found at .\AndroidManifest.xml.
Falling back to the Android OS resources only.
To remove this warning, annotate your test class with @Config(manifest=Config.NONE).
]]></system-out>
  <system-err><![CDATA[No such manifest file: .\AndroidManifest.xml
]]></system-err>
</testsuite>
